DM/app/mapping.txt
# compiler: R8
# compiler_version: 2.1.75
# min_api: 21
# pg_map_id: 7bc0f30
# common_typos_disable
cn.cmss.dmcertified.ConfigActivity -> cn.cmss.dmcertified.ConfigActivity:
    android.widget.LinearLayout ll -> b
    com.richinfo.mthttp.entity.RuleConfigEntity ruleConfigEntity -> d
    int netMode -> f
    cn.cmss.dmcertified.SDKDeviceManagerTest sdkDeviceManagerTest -> e
    com.richinfo.mthttp.entity.FieldConfigEntity fieldConfigEntity -> c
    30:30:void <init>() -> <init>
    181:209:void getDeviceConfig(java.lang.Object) -> a
    170:175:void setConfigTitle(java.lang.String) -> b
    41:156:void onCreate(android.os.Bundle) -> onCreate
    160:167:void onDestroy() -> onDestroy
cn.cmss.dmcertified.ConfigActivity$1 -> cn.cmss.dmcertified.ConfigActivity$a:
    android.widget.Button val$button -> b
    53:53:void <init>(cn.cmss.dmcertified.ConfigActivity,android.widget.Button) -> <init>
    56:64:void onClick(android.view.View) -> onClick
cn.cmss.dmcertified.ConfigActivity$2 -> cn.cmss.dmcertified.ConfigActivity$b:
    cn.cmss.dmcertified.ConfigActivity this$0 -> b
    88:88:void <init>(cn.cmss.dmcertified.ConfigActivity) -> <init>
    101:108:void afterTextChanged(android.text.Editable) -> afterTextChanged
    92:92:void beforeTextChanged(java.lang.CharSequence,int,int,int) -> beforeTextChanged
    97:97:void onTextChanged(java.lang.CharSequence,int,int,int) -> onTextChanged
cn.cmss.dmcertified.ConfigActivity$MyEditText -> cn.cmss.dmcertified.ConfigActivity$c:
    java.lang.Object o -> c
    java.lang.String name -> b
    217:220:void <init>(cn.cmss.dmcertified.ConfigActivity,java.lang.String,java.lang.Object) -> <init>
    236:244:void afterTextChanged(android.text.Editable) -> afterTextChanged
    226:226:void beforeTextChanged(java.lang.CharSequence,int,int,int) -> beforeTextChanged
    231:231:void onTextChanged(java.lang.CharSequence,int,int,int) -> onTextChanged
cn.cmss.dmcertified.DmApplication -> cn.cmss.dmcertified.DmApplication:
    int currentyear -> b
    44:50:void <init>() -> <init>
    44:44:int access$000(cn.cmss.dmcertified.DmApplication) -> a
    125:144:void setDeviceManagerData() -> b
    55:91:void onCreate() -> onCreate
cn.cmss.dmcertified.DmApplication$1 -> cn.cmss.dmcertified.DmApplication$a:
    cn.cmss.dmcertified.DmApplication this$0 -> b
    63:63:void <init>(cn.cmss.dmcertified.DmApplication) -> <init>
    69:89:void run() -> run
cn.cmss.dmcertified.IntenetUtil -> cn.cmss.dmcertified.a:
    44:113:int getNetworkState(android.content.Context) -> a
cn.cmss.dmcertified.MainActivity -> cn.cmss.dmcertified.MainActivity:
    46:46:void <init>() -> <init>
    50:78:void onCreate(android.os.Bundle) -> onCreate
cn.cmss.dmcertified.RouteMacUtil -> cn.cmss.dmcertified.b:
    26:27:void <init>() -> <init>
    78:105:java.lang.String getGateWay() -> a
    36:42:java.lang.String getGatewayMac() -> b
    50:70:java.lang.String getMacFromFile(java.lang.String) -> c
    175:199:java.lang.String getWlan0GateWay() -> d
    167:170:boolean isIPv4Address(java.lang.String) -> e
    111:163:java.util.List readFile(java.lang.String) -> f
...
com.fasterxml.jackson.databind.util.internal.LinkedDeque$1 -> com.fasterxml.jackson.databind.util.internal.LinkedDeque$1:
    382:382:void <init>(com.fasterxml.jackson.databind.util.internal.LinkedDeque,com.fasterxml.jackson.databind.util.internal.Linked) -> <init>
    384:384:com.fasterxml.jackson.databind.util.internal.Linked computeNext() -> computeNext
com.fasterxml.jackson.databind.util.internal.LinkedDeque$2 -> com.fasterxml.jackson.databind.util.internal.LinkedDeque$2:
    391:391:void <init>(com.fasterxml.jackson.databind.util.internal.LinkedDeque,com.fasterxml.jackson.databind.util.internal.Linked) -> <init>
    393:393:com.fasterxml.jackson.databind.util.internal.Linked computeNext() -> computeNext
com.fasterxml.jackson.databind.util.internal.LinkedDeque$AbstractLinkedIterator -> com.fasterxml.jackson.databind.util.internal.LinkedDeque$AbstractLinkedIterator:
    406:408:void <init>(com.fasterxml.jackson.databind.util.internal.LinkedDeque,com.fasterxml.jackson.databind.util.internal.Linked) -> <init>
    412:412:boolean hasNext() -> hasNext
    398:398:java.lang.Object next() -> next
    417:422:com.fasterxml.jackson.databind.util.internal.Linked next() -> next
    427:427:void remove() -> remove
com.fasterxml.jackson.databind.util.internal.PrivateMaxEntriesMap -> com.fasterxml.jackson.databind.util.internal.PrivateMaxEntriesMap:
    136:163:void <clinit>() -> <clinit>
    93:93:void <init>(com.fasterxml.jackson.databind.util.internal.PrivateMaxEntriesMap$Builder,com.fasterxml.jackson.databind.util.internal.PrivateMaxEntriesMap$1) -> <init>
    205:236:void <init>(com.fasterxml.jackson.databind.util.internal.PrivateMaxEntriesMap$Builder) -> <init>
    332:336:void afterRead(com.fasterxml.jackson.databind.util.internal.PrivateMaxEntriesMap$Node) -> afterRead
    389:393:void afterWrite(java.lang.Runnable) -> afterWrite
    454:457:void applyRead(com.fasterxml.jackson.databind.util.internal.PrivateMaxEntriesMap$Node) -> applyRead
    858:858:java.util.Set ascendingKeySet() -> ascendingKeySet
    877:877:java.util.Set ascendingKeySetWithLimit(int) -> ascendingKeySetWithLimit
    963:963:java.util.Map ascendingMap() -> ascendingMap
    983:983:java.util.Map ascendingMapWithLimit(int) -> ascendingMapWithLimit
    267:267:long capacity() -> capacity
    167:167:int ceilingNextPowerOfTwo(int) -> ceilingNextPowerOfTwo
    247:250:void checkArgument(boolean) -> checkArgument
    240:243:void checkNotNull(java.lang.Object) -> checkNotNull
    254:257:void checkState(boolean) -> checkState
    614:638:void clear() -> clear
    642:642:boolean containsKey(java.lang.Object) -> containsKey
    647:654:boolean containsValue(java.lang.Object) -> containsValue
com.fasterxml.jackson.databind.util.internal.PrivateMaxEntriesMap$AddTask -> com.fasterxml.jackson.databind.util.internal.PrivateMaxEntriesMap$AddTask:
    537:540:void <init>(com.fasterxml.jackson.databind.util.internal.PrivateMaxEntriesMap,com.fasterxml.jackson.databind.util.internal.PrivateMaxEntriesMap$Node,int) -> <init>
    545:552:void run() -> run
com.fasterxml.jackson.databind.util.internal.PrivateMaxEntriesMap$Builder -> com.fasterxml.jackson.databind.util.internal.PrivateMaxEntriesMap$Builder:
    1448:1453:void <init>() -> <init>
    1519:1520:com.fasterxml.jackson.databind.util.internal.PrivateMaxEntriesMap build() -> build
    1494:1496:com.fasterxml.jackson.databind.util.internal.PrivateMaxEntriesMap$Builder concurrencyLevel(int) -> concurrencyLevel
    1465:1467:com.fasterxml.jackson.databind.util.internal.PrivateMaxEntriesMap$Builder initialCapacity(int) -> initialCapacity
    1507:1509:com.fasterxml.jackson.databind.util.internal.PrivateMaxEntriesMap$Builder listener(com.fasterxml.jackson.databind.util.internal.EvictionListener) -> listener
    1478:1480:com.fasterxml.jackson.databind.util.internal.PrivateMaxEntriesMap$Builder maximumCapacity(long) -> maximumCapacity