DM/app/unused.txt
cn.cmss.dmcertified.R$interpolator
cn.cmss.dmcertified.R$layout
cn.cmss.dmcertified.DmApplication$2$1
cn.cmss.dmcertified.R$dimen
cn.cmss.dmcertified.StartslefBroadcastReceiver:
    static final java.lang.String action_boot
    private static final java.lang.String TAG
cn.cmss.dmcertified.R$style
cn.cmss.dmcertified.R$xml
cn.cmss.dmcertified.R$color
cn.cmss.dmcertified.DmApplication:
    public void setProxy()
    public boolean systemTestMode()
    public boolean systemdebugMode()
    private static final java.lang.String TAG
cn.cmss.dmcertified.SDKDeviceManagerTest:
    public void setImsi2(java.lang.String)
    public void setBatteryCapacity(java.lang.String)
    public void setAppInfo(java.lang.String)
    public void setBluetoothMac(java.lang.String)
    public void setSoftwareVer(java.lang.String)
    public void setSoftwareName(java.lang.String)
    public void setScreenSize(java.lang.String)
    public void setNetworkStatus(java.lang.String)
    public void setWearingStatus(java.lang.String)
    public void setImei1(java.lang.String)
    public void setImei2(java.lang.String)
    public void setImsi(java.lang.String)
    public void setAppKey(java.lang.String)
    public void setMac(java.lang.String)
    public void setRom(java.lang.String)
    public void setRam(java.lang.String)
    public void setCpu(java.lang.String)
    public void setSysVersion(java.lang.String)
    public void setVolte(java.lang.String)
    public void setNetType(java.lang.String)
    public void setPhoneNumber(java.lang.String)
    public void setRouterMac(java.lang.String)
    public void setSn(java.lang.String)
    public void setBrand(java.lang.String)
    public void setModel(java.lang.String)
    public void setGpu(java.lang.String)
    public void setBoard(java.lang.String)
    public void setResolution(java.lang.String)
    public void setTemplateId(java.lang.String)
    private static final java.lang.String TAG
cn.cmss.dmcertified.R$integer
cn.cmss.dmcertified.R$string
cn.cmss.dmcertified.R$styleable
cn.cmss.dmcertified.R$bool
cn.cmss.dmcertified.R$attr
cn.cmss.dmcertified.MainActivity:
    private static final java.lang.String TAG
cn.cmss.dmcertified.DmApplication$2
cn.cmss.dmcertified.IntenetUtil:
    public void <init>()
    public static final int NETWORN_NONE
    public static final int NETWORN_WIFI
    public static final int NETWORN_2G
    public static final int NETWORN_3G
    public static final int NETWORN_4G
    public static final int NETWORN_5G
    public static final int NETWORN_MOBILE
    public static final int NETWORN_ETHERNET
cn.cmss.dmcertified.SelectActivity$2
cn.cmss.dmcertified.R
cn.cmss.dmcertified.R$animator
cn.cmss.dmcertified.R$drawable
cn.cmss.dmcertified.R$mipmap
cn.cmss.dmcertified.SelectActivity$1
cn.cmss.dmcertified.BuildConfig
cn.cmss.dmcertified.R$id
...
kotlin.jvm.internal.MutablePropertyReference
androidx.viewpager.R$string
androidx.core.app.ActivityRecreator:
    private void <init>()
    private static final java.lang.String LOG_TAG
kotlin.jvm.JvmRecord
androidx.annotation.IntegerRes
androidx.core.R
androidx.core.view.accessibility.AccessibilityNodeInfoCompat$CollectionItemInfoCompat
kotlin.reflect.KClass$DefaultImpls
com.google.gson.internal.bind.TypeAdapters$27:
    private static final java.lang.String YEAR
    private static final java.lang.String MONTH
    private static final java.lang.String DAY_OF_MONTH
    private static final java.lang.String HOUR_OF_DAY
    private static final java.lang.String MINUTE
    private static final java.lang.String SECOND
kotlin.experimental.ExperimentalTypeInference
com.google.gson.internal.LinkedHashTreeMap$1
androidx.core.view.accessibility.AccessibilityNodeProviderCompat$AccessibilityNodeProviderApi16
okhttp3.internal.platform.ConscryptPlatform$Companion
androidx.lifecycle.viewmodel.savedstate.R
kotlin.collections.CollectionsKt___CollectionsKt$asSequence$$inlined$Sequence$1
androidx.core.graphics.TypefaceCompatApi24Impl:
    private static final java.lang.String TAG
    private static final java.lang.String FONT_FAMILY_CLASS
    private static final java.lang.String ADD_FONT_WEIGHT_STYLE_METHOD
    private static final java.lang.String CREATE_FROM_FAMILIES_WITH_DEFAULT_METHOD
kotlin.collections.unsigned.UArraysKt___UArraysKt
kotlin.sequences.DropWhileSequence
androidx.core.app.NotificationCompat$CarExtender$UnreadConversation$Builder
kotlin.coroutines.intrinsics.IntrinsicsKt__IntrinsicsJvmKt$createCoroutineFromSuspendFunction$2
kotlin.reflect.KCallable$DefaultImpls
kotlin.time.TimeSourceKt
androidx.activity.result.contract.ActivityResultContracts$RequestMultiplePermissions:
    static android.content.Intent createIntent(java.lang.String[])
    public android.content.Intent createIntent(android.content.Context,java.lang.String[])
    public androidx.activity.result.contract.ActivityResultContract$SynchronousResult getSynchronousResult(android.content.Context,java.lang.String[])
    public synthetic bridge androidx.activity.result.contract.ActivityResultContract$SynchronousResult getSynchronousResult(android.content.Context,java.lang.Object)
    public synthetic bridge android.content.Intent createIntent(android.content.Context,java.lang.Object)
    public static final java.lang.String ACTION_REQUEST_PERMISSIONS
    public static final java.lang.String EXTRA_PERMISSIONS
    public static final java.lang.String EXTRA_PERMISSION_GRANT_RESULTS
kotlin.NoWhenBranchMatchedException
kotlin.text.MatchGroupCollection
okhttp3.Cookie
kotlin.jvm.internal.PropertyReference2
okio.-InflaterSourceExtensions
kotlin.time.Duration
kotlin.collections.builders.ListBuilder
androidx.appcompat.view.menu.ListMenuItemView:
    public boolean showsIcon()
    private static final java.lang.String TAG
kotlin.collections.ArraysKt___ArraysKt$asIterable$$inlined$Iterable$8
androidx.activity.result.contract.ActivityResultContracts$StartIntentSenderForResult